{"message":"::1 - - [23/Feb/2019:08:28:44 +0000] \"PATCH /galleries/update HTTP/1.1\" 200 69 \"-\" \"PostmanRuntime/7.6.0\"\n","level":"info"}
{"message":"::1 - - [23/Feb/2019:08:51:35 +0000] \"PATCH /galleries/update HTTP/1.1\" 200 69 \"-\" \"PostmanRuntime/7.6.0\"\n","level":"info"}
{"message":"::1 - - [23/Feb/2019:08:56:27 +0000] \"PATCH /galleries/update HTTP/1.1\" 200 69 \"-\" \"PostmanRuntime/7.6.0\"\n","level":"info"}
{"message":"::1 - - [23/Feb/2019:08:56:54 +0000] \"PATCH /galleries/update HTTP/1.1\" 200 69 \"-\" \"PostmanRuntime/7.6.0\"\n","level":"info"}
{"message":"::1 - - [23/Feb/2019:08:57:39 +0000] \"PATCH /galleries/update HTTP/1.1\" 200 69 \"-\" \"PostmanRuntime/7.6.0\"\n","level":"info"}
{"message":"::1 - - [23/Feb/2019:09:02:30 +0000] \"PATCH /galleries/update HTTP/1.1\" 200 69 \"-\" \"PostmanRuntime/7.6.0\"\n","level":"info"}
{"message":"::1 - - [23/Feb/2019:09:15:11 +0000] \"PATCH /galleries/update HTTP/1.1\" 200 69 \"-\" \"PostmanRuntime/7.6.0\"\n","level":"info"}
{"message":"::1 - - [23/Feb/2019:09:15:43 +0000] \"PATCH /galleries/update HTTP/1.1\" 200 69 \"-\" \"PostmanRuntime/7.6.0\"\n","level":"info"}
{"message":"500 - next is not a function - /galleries/update - PATCH - ::1","level":"error"}
{"message":"::1 - - [23/Feb/2019:09:16:44 +0000] \"PATCH /galleries/update HTTP/1.1\" 500 45 \"-\" \"PostmanRuntime/7.6.0\"\n","level":"info"}
{"message":"::1 - - [23/Feb/2019:09:25:19 +0000] \"PATCH /galleries/update HTTP/1.1\" 200 69 \"-\" \"PostmanRuntime/7.6.0\"\n","level":"info"}
{"message":"::1 - - [23/Feb/2019:09:25:57 +0000] \"PATCH /galleries/update HTTP/1.1\" 200 69 \"-\" \"PostmanRuntime/7.6.0\"\n","level":"info"}
{"message":"::1 - - [23/Feb/2019:09:26:54 +0000] \"PATCH /galleries/update HTTP/1.1\" 200 69 \"-\" \"PostmanRuntime/7.6.0\"\n","level":"info"}
{"message":"::1 - - [23/Feb/2019:09:27:23 +0000] \"PATCH /galleries/update HTTP/1.1\" 200 69 \"-\" \"PostmanRuntime/7.6.0\"\n","level":"info"}
{"message":"::1 - - [23/Feb/2019:09:32:44 +0000] \"PATCH /galleries/update HTTP/1.1\" 200 69 \"-\" \"PostmanRuntime/7.6.0\"\n","level":"info"}
{"message":"::1 - - [23/Feb/2019:09:36:38 +0000] \"PATCH /galleries/update HTTP/1.1\" 200 69 \"-\" \"PostmanRuntime/7.6.0\"\n","level":"info"}
{"message":"::1 - - [23/Feb/2019:09:37:19 +0000] \"PATCH /galleries/update HTTP/1.1\" 200 69 \"-\" \"PostmanRuntime/7.6.0\"\n","level":"info"}
{"message":"::1 - - [23/Feb/2019:09:48:21 +0000] \"PATCH /galleries/update HTTP/1.1\" 200 69 \"-\" \"PostmanRuntime/7.6.0\"\n","level":"info"}
{"message":"::1 - - [23/Feb/2019:10:08:37 +0000] \"PATCH /galleries/update HTTP/1.1\" 200 69 \"-\" \"PostmanRuntime/7.6.0\"\n","level":"info"}
{"message":"::1 - - [23/Feb/2019:10:08:44 +0000] \"PATCH /galleries/update HTTP/1.1\" 200 69 \"-\" \"PostmanRuntime/7.6.0\"\n","level":"info"}
{"message":"::1 - - [23/Feb/2019:10:09:12 +0000] \"PATCH /galleries/update HTTP/1.1\" 200 69 \"-\" \"PostmanRuntime/7.6.0\"\n","level":"info"}
{"message":"::1 - - [23/Feb/2019:10:13:18 +0000] \"PATCH /galleries/update HTTP/1.1\" 200 69 \"-\" \"PostmanRuntime/7.6.0\"\n","level":"info"}
{"message":"::1 - - [23/Feb/2019:10:13:47 +0000] \"PATCH /galleries/update HTTP/1.1\" 200 69 \"-\" \"PostmanRuntime/7.6.0\"\n","level":"info"}
{"message":"::1 - - [23/Feb/2019:10:16:36 +0000] \"PATCH /galleries/update HTTP/1.1\" 200 69 \"-\" \"PostmanRuntime/7.6.0\"\n","level":"info"}
{"message":"::1 - - [23/Feb/2019:10:17:43 +0000] \"PATCH /galleries/update HTTP/1.1\" 200 69 \"-\" \"PostmanRuntime/7.6.0\"\n","level":"info"}
{"message":"::1 - - [23/Feb/2019:10:18:31 +0000] \"PATCH /galleries/update HTTP/1.1\" 200 69 \"-\" \"PostmanRuntime/7.6.0\"\n","level":"info"}
{"message":"::1 - - [23/Feb/2019:10:19:37 +0000] \"PATCH /galleries/update HTTP/1.1\" 200 69 \"-\" \"PostmanRuntime/7.6.0\"\n","level":"info"}
{"message":"::1 - - [23/Feb/2019:10:33:18 +0000] \"PATCH /galleries/update HTTP/1.1\" 200 69 \"-\" \"PostmanRuntime/7.6.0\"\n","level":"info"}
{"error":{},"level":"error","message":"uncaughtException: getDiff is not defined\nReferenceError: getDiff is not defined\n    at Object.<anonymous> (/Users/ahmedshahrour/Desktop/zealius_real/backend/util/diff.js:34:9)\n    at Module._compile (internal/modules/cjs/loader.js:689:30)\n    at Object.Module._extensions..js (internal/modules/cjs/loader.js:700:10)\n    at Module.load (internal/modules/cjs/loader.js:599:32)\n    at tryModuleLoad (internal/modules/cjs/loader.js:538:12)\n    at Function.Module._load (internal/modules/cjs/loader.js:530:3)\n    at Module.require (internal/modules/cjs/loader.js:637:17)\n    at require (internal/modules/cjs/helpers.js:22:18)\n    at Object.<anonymous> (/Users/ahmedshahrour/Desktop/zealius_real/backend/util/diffPlugin.js:3:21)\n    at Module._compile (internal/modules/cjs/loader.js:689:30)\n    at Object.Module._extensions..js (internal/modules/cjs/loader.js:700:10)\n    at Module.load (internal/modules/cjs/loader.js:599:32)\n    at tryModuleLoad (internal/modules/cjs/loader.js:538:12)\n    at Function.Module._load (internal/modules/cjs/loader.js:530:3)\n    at Module.require (internal/modules/cjs/loader.js:637:17)\n    at require (internal/modules/cjs/helpers.js:22:18)","stack":"ReferenceError: getDiff is not defined\n    at Object.<anonymous> (/Users/ahmedshahrour/Desktop/zealius_real/backend/util/diff.js:34:9)\n    at Module._compile (internal/modules/cjs/loader.js:689:30)\n    at Object.Module._extensions..js (internal/modules/cjs/loader.js:700:10)\n    at Module.load (internal/modules/cjs/loader.js:599:32)\n    at tryModuleLoad (internal/modules/cjs/loader.js:538:12)\n    at Function.Module._load (internal/modules/cjs/loader.js:530:3)\n    at Module.require (internal/modules/cjs/loader.js:637:17)\n    at require (internal/modules/cjs/helpers.js:22:18)\n    at Object.<anonymous> (/Users/ahmedshahrour/Desktop/zealius_real/backend/util/diffPlugin.js:3:21)\n    at Module._compile (internal/modules/cjs/loader.js:689:30)\n    at Object.Module._extensions..js (internal/modules/cjs/loader.js:700:10)\n    at Module.load (internal/modules/cjs/loader.js:599:32)\n    at tryModuleLoad (internal/modules/cjs/loader.js:538:12)\n    at Function.Module._load (internal/modules/cjs/loader.js:530:3)\n    at Module.require (internal/modules/cjs/loader.js:637:17)\n    at require (internal/modules/cjs/helpers.js:22:18)","exception":true,"date":"Sat Feb 23 2019 14:36:55 GMT+0400 (Gulf Standard Time)","process":{"pid":46171,"uid":501,"gid":20,"cwd":"/Users/ahmedshahrour/Desktop/zealius_real/backend","execPath":"/usr/local/bin/node","version":"v10.15.0","argv":["/usr/local/bin/node","/Users/ahmedshahrour/Desktop/zealius_real/backend/app.js"],"memoryUsage":{"rss":53669888,"heapTotal":39124992,"heapUsed":19510640,"external":18368361}},"os":{"loadavg":[2.927734375,2.3232421875,2.162109375],"uptime":789697},"trace":[{"column":9,"file":"/Users/ahmedshahrour/Desktop/zealius_real/backend/util/diff.js","function":null,"line":34,"method":null,"native":false},{"column":30,"file":"internal/modules/cjs/loader.js","function":"Module._compile","line":689,"method":"_compile","native":false},{"column":10,"file":"internal/modules/cjs/loader.js","function":"Module._extensions..js","line":700,"method":".js","native":false},{"column":32,"file":"internal/modules/cjs/loader.js","function":"Module.load","line":599,"method":"load","native":false},{"column":12,"file":"internal/modules/cjs/loader.js","function":"tryModuleLoad","line":538,"method":null,"native":false},{"column":3,"file":"internal/modules/cjs/loader.js","function":"Module._load","line":530,"method":"_load","native":false},{"column":17,"file":"internal/modules/cjs/loader.js","function":"Module.require","line":637,"method":"require","native":false},{"column":18,"file":"internal/modules/cjs/helpers.js","function":"require","line":22,"method":null,"native":false},{"column":21,"file":"/Users/ahmedshahrour/Desktop/zealius_real/backend/util/diffPlugin.js","function":null,"line":3,"method":null,"native":false},{"column":30,"file":"internal/modules/cjs/loader.js","function":"Module._compile","line":689,"method":"_compile","native":false},{"column":10,"file":"internal/modules/cjs/loader.js","function":"Module._extensions..js","line":700,"method":".js","native":false},{"column":32,"file":"internal/modules/cjs/loader.js","function":"Module.load","line":599,"method":"load","native":false},{"column":12,"file":"internal/modules/cjs/loader.js","function":"tryModuleLoad","line":538,"method":null,"native":false},{"column":3,"file":"internal/modules/cjs/loader.js","function":"Module._load","line":530,"method":"_load","native":false},{"column":17,"file":"internal/modules/cjs/loader.js","function":"Module.require","line":637,"method":"require","native":false},{"column":18,"file":"internal/modules/cjs/helpers.js","function":"require","line":22,"method":null,"native":false}]}
{"message":"500 - _id is not defined - /galleries/update/5c334df0c28031fcd896daf3 - PATCH - ::1","level":"error"}
{"message":"::1 - - [23/Feb/2019:11:06:56 +0000] \"PATCH /galleries/update/5c334df0c28031fcd896daf3 HTTP/1.1\" 500 46 \"-\" \"PostmanRuntime/7.6.0\"\n","level":"info"}
{"message":"::1 - - [23/Feb/2019:11:07:19 +0000] \"PATCH /galleries/update/5c334df0c28031fcd896daf3 HTTP/1.1\" 200 69 \"-\" \"PostmanRuntime/7.6.0\"\n","level":"info"}
{"message":"::1 - - [23/Feb/2019:11:08:20 +0000] \"PATCH /galleries/update/5c334df0c28031fcd896daf3 HTTP/1.1\" 200 69 \"-\" \"PostmanRuntime/7.6.0\"\n","level":"info"}
{"message":"::1 - - [23/Feb/2019:11:09:33 +0000] \"PATCH /galleries/update/5c334df0c28031fcd896daf3 HTTP/1.1\" 200 69 \"-\" \"PostmanRuntime/7.6.0\"\n","level":"info"}
{"message":"500 - Gallery validation failed: contact.phone: Path `contact.phone` is required., contact.email: Path `contact.email` is required., description: Path `description` is required. - /galleries/update/5c334df0c28031fcd896daf3 - PATCH - ::1","level":"error"}
{"message":"::1 - - [23/Feb/2019:11:15:02 +0000] \"PATCH /galleries/update/5c334df0c28031fcd896daf3 HTTP/1.1\" 500 173 \"-\" \"PostmanRuntime/7.6.0\"\n","level":"info"}
{"message":"::1 - - [23/Feb/2019:11:20:13 +0000] \"PATCH /galleries/update/5c334df0c28031fcd896daf3 HTTP/1.1\" 200 69 \"-\" \"PostmanRuntime/7.6.0\"\n","level":"info"}
{"message":"::1 - - [23/Feb/2019:11:30:11 +0000] \"PATCH /galleries/update/5c334df0c28031fcd896daf3 HTTP/1.1\" 200 69 \"-\" \"PostmanRuntime/7.6.0\"\n","level":"info"}
{"message":"500 - differences is not defined - /galleries/update/5c334df0c28031fcd896daf3 - PATCH - ::1","level":"error"}
{"message":"::1 - - [23/Feb/2019:11:42:58 +0000] \"PATCH /galleries/update/5c334df0c28031fcd896daf3 HTTP/1.1\" 500 54 \"-\" \"PostmanRuntime/7.6.0\"\n","level":"info"}
{"message":"500 - differences is not defined - /galleries/update/5c334df0c28031fcd896daf3 - PATCH - ::1","level":"error"}
{"message":"::1 - - [23/Feb/2019:11:45:10 +0000] \"PATCH /galleries/update/5c334df0c28031fcd896daf3 HTTP/1.1\" 500 54 \"-\" \"PostmanRuntime/7.6.0\"\n","level":"info"}
{"message":"500 - getDiff is not defined - /galleries/update/5c334df0c28031fcd896daf3 - PATCH - ::1","level":"error"}
{"message":"::1 - - [23/Feb/2019:11:45:31 +0000] \"PATCH /galleries/update/5c334df0c28031fcd896daf3 HTTP/1.1\" 500 50 \"-\" \"PostmanRuntime/7.6.0\"\n","level":"info"}
{"message":"500 - getDiff is not defined - /galleries/update/5c334df0c28031fcd896daf3 - PATCH - ::1","level":"error"}
{"message":"::1 - - [23/Feb/2019:12:09:12 +0000] \"PATCH /galleries/update/5c334df0c28031fcd896daf3 HTTP/1.1\" 500 50 \"-\" \"PostmanRuntime/7.6.0\"\n","level":"info"}
{"message":"500 - Cannot read property 'strictMode' of undefined - /galleries/update/5c334df0c28031fcd896daf3 - PATCH - ::1","level":"error"}
{"message":"::1 - - [23/Feb/2019:12:10:14 +0000] \"PATCH /galleries/update/5c334df0c28031fcd896daf3 HTTP/1.1\" 500 69 \"-\" \"PostmanRuntime/7.6.0\"\n","level":"info"}
{"message":"500 - Cannot read property 'strictMode' of undefined - /galleries/update/5c334df0c28031fcd896daf3 - PATCH - ::1","level":"error"}
{"message":"::1 - - [23/Feb/2019:12:12:15 +0000] \"PATCH /galleries/update/5c334df0c28031fcd896daf3 HTTP/1.1\" 500 69 \"-\" \"PostmanRuntime/7.6.0\"\n","level":"info"}
{"message":"500 - Cannot read property 'strictMode' of undefined - /galleries/update/5c334df0c28031fcd896daf3 - PATCH - ::1","level":"error"}
{"message":"::1 - - [23/Feb/2019:12:12:32 +0000] \"PATCH /galleries/update/5c334df0c28031fcd896daf3 HTTP/1.1\" 500 69 \"-\" \"PostmanRuntime/7.6.0\"\n","level":"info"}
{"message":"500 - Cannot read property 'strictMode' of undefined - /galleries/update/5c334df0c28031fcd896daf3 - PATCH - ::1","level":"error"}
{"message":"::1 - - [23/Feb/2019:12:12:47 +0000] \"PATCH /galleries/update/5c334df0c28031fcd896daf3 HTTP/1.1\" 500 69 \"-\" \"PostmanRuntime/7.6.0\"\n","level":"info"}
{"message":"500 - Cannot read property 'strictMode' of undefined - /galleries/update/5c334df0c28031fcd896daf3 - PATCH - ::1","level":"error"}
{"message":"::1 - - [23/Feb/2019:12:13:24 +0000] \"PATCH /galleries/update/5c334df0c28031fcd896daf3 HTTP/1.1\" 500 69 \"-\" \"PostmanRuntime/7.6.0\"\n","level":"info"}
{"message":"::1 - - [23/Feb/2019:12:14:03 +0000] \"PATCH /galleries/update/5c334df0c28031fcd896daf3 HTTP/1.1\" 200 69 \"-\" \"PostmanRuntime/7.6.0\"\n","level":"info"}
{"message":"500 - Cannot read property 'strictMode' of undefined - /galleries/update/5c334df0c28031fcd896daf3 - PATCH - ::1","level":"error"}
{"message":"::1 - - [23/Feb/2019:12:15:18 +0000] \"PATCH /galleries/update/5c334df0c28031fcd896daf3 HTTP/1.1\" 500 69 \"-\" \"PostmanRuntime/7.6.0\"\n","level":"info"}
{"message":"500 - Cannot read property 'strictMode' of undefined - /galleries/update/5c334df0c28031fcd896daf3 - PATCH - ::1","level":"error"}
{"message":"::1 - - [23/Feb/2019:12:17:06 +0000] \"PATCH /galleries/update/5c334df0c28031fcd896daf3 HTTP/1.1\" 500 69 \"-\" \"PostmanRuntime/7.6.0\"\n","level":"info"}
{"message":"::1 - - [23/Feb/2019:12:53:25 +0000] \"PATCH /galleries/update/5c334df0c28031fcd896daf3 HTTP/1.1\" 200 69 \"-\" \"PostmanRuntime/7.6.0\"\n","level":"info"}
{"message":"::1 - - [23/Feb/2019:12:54:18 +0000] \"PATCH /galleries/update/5c334df0c28031fcd896daf3 HTTP/1.1\" 200 69 \"-\" \"PostmanRuntime/7.6.0\"\n","level":"info"}
{"message":"::1 - - [23/Feb/2019:12:57:01 +0000] \"PATCH /galleries/update/5c334df0c28031fcd896daf3 HTTP/1.1\" 200 69 \"-\" \"PostmanRuntime/7.6.0\"\n","level":"info"}
{"message":"::1 - - [23/Feb/2019:12:58:57 +0000] \"PATCH /galleries/update/5c334df0c28031fcd896daf3 HTTP/1.1\" 200 69 \"-\" \"PostmanRuntime/7.6.0\"\n","level":"info"}
{"message":"::1 - - [23/Feb/2019:12:59:45 +0000] \"PATCH /galleries/update/5c334df0c28031fcd896daf3 HTTP/1.1\" 200 69 \"-\" \"PostmanRuntime/7.6.0\"\n","level":"info"}
{"message":"::1 - - [23/Feb/2019:13:12:51 +0000] \"PATCH /galleries/update/5c334df0c28031fcd896daf3 HTTP/1.1\" 200 69 \"-\" \"PostmanRuntime/7.6.0\"\n","level":"info"}
{"message":"::1 - - [23/Feb/2019:13:14:01 +0000] \"PATCH /galleries/update/5c334df0c28031fcd896daf3 HTTP/1.1\" 200 69 \"-\" \"PostmanRuntime/7.6.0\"\n","level":"info"}
{"message":"::1 - - [23/Feb/2019:13:14:40 +0000] \"PATCH /galleries/update/5c334df0c28031fcd896daf3 HTTP/1.1\" 200 69 \"-\" \"PostmanRuntime/7.6.0\"\n","level":"info"}
{"message":"::1 - - [23/Feb/2019:13:15:50 +0000] \"PATCH /galleries/update/5c334df0c28031fcd896daf3 HTTP/1.1\" 200 69 \"-\" \"PostmanRuntime/7.6.0\"\n","level":"info"}
{"message":"::1 - - [23/Feb/2019:13:16:18 +0000] \"PATCH /galleries/update/5c334df0c28031fcd896daf3 HTTP/1.1\" 200 69 \"-\" \"PostmanRuntime/7.6.0\"\n","level":"info"}
{"message":"::1 - - [23/Feb/2019:13:22:01 +0000] \"PATCH /galleries/update/5c334df0c28031fcd896daf3 HTTP/1.1\" 200 69 \"-\" \"PostmanRuntime/7.6.0\"\n","level":"info"}
{"message":"500 - this._original.toObject is not a function - /galleries/update/5c334df0c28031fcd896daf3 - PATCH - ::1","level":"error"}
{"message":"::1 - - [23/Feb/2019:13:25:58 +0000] \"PATCH /galleries/update/5c334df0c28031fcd896daf3 HTTP/1.1\" 500 64 \"-\" \"PostmanRuntime/7.6.0\"\n","level":"info"}
{"message":"500 - this._original.toObject is not a function - /galleries/update/5c334df0c28031fcd896daf3 - PATCH - ::1","level":"error"}
{"message":"::1 - - [23/Feb/2019:13:26:17 +0000] \"PATCH /galleries/update/5c334df0c28031fcd896daf3 HTTP/1.1\" 500 64 \"-\" \"PostmanRuntime/7.6.0\"\n","level":"info"}
{"message":"::1 - - [23/Feb/2019:13:29:30 +0000] \"PATCH /galleries/update/5c334df0c28031fcd896daf3 HTTP/1.1\" 200 69 \"-\" \"PostmanRuntime/7.6.0\"\n","level":"info"}
{"message":"::1 - - [23/Feb/2019:13:33:43 +0000] \"PATCH /galleries/update/5c334df0c28031fcd896daf3 HTTP/1.1\" 200 69 \"-\" \"PostmanRuntime/7.6.0\"\n","level":"info"}
{"message":"::1 - - [23/Feb/2019:13:35:44 +0000] \"PATCH /galleries/update/5c334df0c28031fcd896daf3 HTTP/1.1\" 200 69 \"-\" \"PostmanRuntime/7.6.0\"\n","level":"info"}
{"error":{},"level":"error","message":"uncaughtException: this is not a Date object.\nTypeError: this is not a Date object.\n    at Date.valueOf (<anonymous>)\n    at Date.[Symbol.toPrimitive] (<anonymous>)\n    at clone (/Users/ahmedshahrour/Desktop/zealius_real/backend/node_modules/mongoose/lib/utils.js:204:36)\n    at cloneObject (/Users/ahmedshahrour/Desktop/zealius_real/backend/node_modules/mongoose/lib/utils.js:294:11)\n    at clone (/Users/ahmedshahrour/Desktop/zealius_real/backend/node_modules/mongoose/lib/utils.js:202:16)\n    at cloneObject (/Users/ahmedshahrour/Desktop/zealius_real/backend/node_modules/mongoose/lib/utils.js:294:11)\n    at clone (/Users/ahmedshahrour/Desktop/zealius_real/backend/node_modules/mongoose/lib/utils.js:202:16)\n    at cloneObject (/Users/ahmedshahrour/Desktop/zealius_real/backend/node_modules/mongoose/lib/utils.js:294:11)\n    at clone (/Users/ahmedshahrour/Desktop/zealius_real/backend/node_modules/mongoose/lib/utils.js:202:16)\n    at model.Document.$toObject (/Users/ahmedshahrour/Desktop/zealius_real/backend/node_modules/mongoose/lib/document.js:2518:13)\n    at model.Document.toObject (/Users/ahmedshahrour/Desktop/zealius_real/backend/node_modules/mongoose/lib/document.js:2690:15)\n    at model.Model.$__handleSave (/Users/ahmedshahrour/Desktop/zealius_real/backend/node_modules/mongoose/lib/model.js:236:22)\n    at model.Model.$__save (/Users/ahmedshahrour/Desktop/zealius_real/backend/node_modules/mongoose/lib/model.js:320:8)\n    at /Users/ahmedshahrour/Desktop/zealius_real/backend/node_modules/kareem/index.js:278:20\n    at _next (/Users/ahmedshahrour/Desktop/zealius_real/backend/node_modules/kareem/index.js:102:16)\n    at process.nextTick (/Users/ahmedshahrour/Desktop/zealius_real/backend/node_modules/kareem/index.js:499:38)","stack":"TypeError: this is not a Date object.\n    at Date.valueOf (<anonymous>)\n    at Date.[Symbol.toPrimitive] (<anonymous>)\n    at clone (/Users/ahmedshahrour/Desktop/zealius_real/backend/node_modules/mongoose/lib/utils.js:204:36)\n    at cloneObject (/Users/ahmedshahrour/Desktop/zealius_real/backend/node_modules/mongoose/lib/utils.js:294:11)\n    at clone (/Users/ahmedshahrour/Desktop/zealius_real/backend/node_modules/mongoose/lib/utils.js:202:16)\n    at cloneObject (/Users/ahmedshahrour/Desktop/zealius_real/backend/node_modules/mongoose/lib/utils.js:294:11)\n    at clone (/Users/ahmedshahrour/Desktop/zealius_real/backend/node_modules/mongoose/lib/utils.js:202:16)\n    at cloneObject (/Users/ahmedshahrour/Desktop/zealius_real/backend/node_modules/mongoose/lib/utils.js:294:11)\n    at clone (/Users/ahmedshahrour/Desktop/zealius_real/backend/node_modules/mongoose/lib/utils.js:202:16)\n    at model.Document.$toObject (/Users/ahmedshahrour/Desktop/zealius_real/backend/node_modules/mongoose/lib/document.js:2518:13)\n    at model.Document.toObject (/Users/ahmedshahrour/Desktop/zealius_real/backend/node_modules/mongoose/lib/document.js:2690:15)\n    at model.Model.$__handleSave (/Users/ahmedshahrour/Desktop/zealius_real/backend/node_modules/mongoose/lib/model.js:236:22)\n    at model.Model.$__save (/Users/ahmedshahrour/Desktop/zealius_real/backend/node_modules/mongoose/lib/model.js:320:8)\n    at /Users/ahmedshahrour/Desktop/zealius_real/backend/node_modules/kareem/index.js:278:20\n    at _next (/Users/ahmedshahrour/Desktop/zealius_real/backend/node_modules/kareem/index.js:102:16)\n    at process.nextTick (/Users/ahmedshahrour/Desktop/zealius_real/backend/node_modules/kareem/index.js:499:38)","exception":true,"date":"Sat Feb 23 2019 17:35:44 GMT+0400 (Gulf Standard Time)","process":{"pid":48977,"uid":501,"gid":20,"cwd":"/Users/ahmedshahrour/Desktop/zealius_real/backend","execPath":"/usr/local/bin/node","version":"v10.15.0","argv":["/usr/local/bin/node","/Users/ahmedshahrour/Desktop/zealius_real/backend/app.js"],"memoryUsage":{"rss":55906304,"heapTotal":29659136,"heapUsed":23992744,"external":18624272}},"os":{"loadavg":[1.72314453125,2.1162109375,2.16943359375],"uptime":800426},"trace":[{"column":null,"file":null,"function":"Date.valueOf","line":null,"method":"valueOf","native":false},{"column":null,"file":null,"function":"Date.[Symbol.toPrimitive]","line":null,"method":"toPrimitive]","native":false},{"column":36,"file":"/Users/ahmedshahrour/Desktop/zealius_real/backend/node_modules/mongoose/lib/utils.js","function":"clone","line":204,"method":null,"native":false},{"column":11,"file":"/Users/ahmedshahrour/Desktop/zealius_real/backend/node_modules/mongoose/lib/utils.js","function":"cloneObject","line":294,"method":null,"native":false},{"column":16,"file":"/Users/ahmedshahrour/Desktop/zealius_real/backend/node_modules/mongoose/lib/utils.js","function":"clone","line":202,"method":null,"native":false},{"column":11,"file":"/Users/ahmedshahrour/Desktop/zealius_real/backend/node_modules/mongoose/lib/utils.js","function":"cloneObject","line":294,"method":null,"native":false},{"column":16,"file":"/Users/ahmedshahrour/Desktop/zealius_real/backend/node_modules/mongoose/lib/utils.js","function":"clone","line":202,"method":null,"native":false},{"column":11,"file":"/Users/ahmedshahrour/Desktop/zealius_real/backend/node_modules/mongoose/lib/utils.js","function":"cloneObject","line":294,"method":null,"native":false},{"column":16,"file":"/Users/ahmedshahrour/Desktop/zealius_real/backend/node_modules/mongoose/lib/utils.js","function":"clone","line":202,"method":null,"native":false},{"column":13,"file":"/Users/ahmedshahrour/Desktop/zealius_real/backend/node_modules/mongoose/lib/document.js","function":"model.Document.$toObject","line":2518,"method":"$toObject","native":false},{"column":15,"file":"/Users/ahmedshahrour/Desktop/zealius_real/backend/node_modules/mongoose/lib/document.js","function":"model.Document.toObject","line":2690,"method":"toObject","native":false},{"column":22,"file":"/Users/ahmedshahrour/Desktop/zealius_real/backend/node_modules/mongoose/lib/model.js","function":"model.Model.$__handleSave","line":236,"method":"$__handleSave","native":false},{"column":8,"file":"/Users/ahmedshahrour/Desktop/zealius_real/backend/node_modules/mongoose/lib/model.js","function":"model.Model.$__save","line":320,"method":"$__save","native":false},{"column":20,"file":"/Users/ahmedshahrour/Desktop/zealius_real/backend/node_modules/kareem/index.js","function":null,"line":278,"method":null,"native":false},{"column":16,"file":"/Users/ahmedshahrour/Desktop/zealius_real/backend/node_modules/kareem/index.js","function":"_next","line":102,"method":null,"native":false},{"column":38,"file":"/Users/ahmedshahrour/Desktop/zealius_real/backend/node_modules/kareem/index.js","function":"process.nextTick","line":499,"method":"nextTick","native":false}]}
{"message":"::1 - - [23/Feb/2019:13:36:16 +0000] \"PATCH /galleries/update/5c334df0c28031fcd896daf3 HTTP/1.1\" 200 69 \"-\" \"PostmanRuntime/7.6.0\"\n","level":"info"}
{"message":"::1 - - [23/Feb/2019:13:37:12 +0000] \"PATCH /galleries/update/5c334df0c28031fcd896daf3 HTTP/1.1\" 200 69 \"-\" \"PostmanRuntime/7.6.0\"\n","level":"info"}
{"message":"::1 - - [23/Feb/2019:13:59:43 +0000] \"PATCH /galleries/update/5c334df0c28031fcd896daf3 HTTP/1.1\" 200 69 \"-\" \"PostmanRuntime/7.6.0\"\n","level":"info"}
{"message":"500 - this._original.lean is not a function - /galleries/update/5c334df0c28031fcd896daf3 - PATCH - ::1","level":"error"}
{"message":"::1 - - [23/Feb/2019:14:05:08 +0000] \"PATCH /galleries/update/5c334df0c28031fcd896daf3 HTTP/1.1\" 500 60 \"-\" \"PostmanRuntime/7.6.0\"\n","level":"info"}
{"message":"500 - doc.lean is not a function - /galleries/update/5c334df0c28031fcd896daf3 - PATCH - ::1","level":"error"}
{"message":"::1 - - [23/Feb/2019:14:05:41 +0000] \"PATCH /galleries/update/5c334df0c28031fcd896daf3 HTTP/1.1\" 500 49 \"-\" \"PostmanRuntime/7.6.0\"\n","level":"info"}
{"message":"500 - Promise.resolve(...).then(...).then(...).lean is not a function - /galleries/update/5c334df0c28031fcd896daf3 - PATCH - ::1","level":"error"}
{"message":"::1 - - [23/Feb/2019:14:17:29 +0000] \"PATCH /galleries/update/5c334df0c28031fcd896daf3 HTTP/1.1\" 500 86 \"-\" \"PostmanRuntime/7.6.0\"\n","level":"info"}
{"message":"500 - Promise.resolve(...).then(...).then(...).lean is not a function - /galleries/update/5c334df0c28031fcd896daf3 - PATCH - ::1","level":"error"}
{"message":"::1 - - [23/Feb/2019:14:18:04 +0000] \"PATCH /galleries/update/5c334df0c28031fcd896daf3 HTTP/1.1\" 500 86 \"-\" \"PostmanRuntime/7.6.0\"\n","level":"info"}
{"message":"500 - Promise.resolve(...).then(...).then(...).lean is not a function - /galleries/update/5c334df0c28031fcd896daf3 - PATCH - ::1","level":"error"}
{"message":"::1 - - [23/Feb/2019:14:22:17 +0000] \"PATCH /galleries/update/5c334df0c28031fcd896daf3 HTTP/1.1\" 500 86 \"-\" \"PostmanRuntime/7.6.0\"\n","level":"info"}
{"message":"500 - this._original.toObject is not a function - /galleries/update/5c334df0c28031fcd896daf3 - PATCH - ::1","level":"error"}
{"message":"::1 - - [23/Feb/2019:14:22:32 +0000] \"PATCH /galleries/update/5c334df0c28031fcd896daf3 HTTP/1.1\" 500 64 \"-\" \"PostmanRuntime/7.6.0\"\n","level":"info"}
{"message":"::1 - - [23/Feb/2019:14:35:49 +0000] \"PATCH /galleries/update/5c334df0c28031fcd896daf3 HTTP/1.1\" 200 69 \"-\" \"PostmanRuntime/7.6.0\"\n","level":"info"}
